<?xml version="1.0" encoding="UTF-8"?>
<!-- Generated by org.testng.reporters.JUnitXMLReporter -->
<testsuite ignored="0" hostname="ThushDee-DELL" failures="0" tests="4" name="Default test" time="7.521" errors="0" timestamp="2024-03-29T17:35:54 IST">
  <testcase classname="api.test.UserTests2" name="testPostUser" time="2.454"/>
  <testcase classname="api.test.UserTests2" name="testGetUserByName" time="1.239"/>
  <testcase classname="api.test.UserTests2" name="testUpdateUserByName" time="2.176"/>
  <testcase classname="api.test.UserTests2" name="testDeleteUserByName" time="1.059"/>
</testsuite> <!-- Default test -->
