<?xml version="1.0" encoding="UTF-8"?>
<!-- Generated by org.testng.reporters.JUnitXMLReporter -->
<testsuite ignored="0" hostname="ThushDee-DELL" failures="0" tests="4" name="Test" time="7.829" errors="0" timestamp="2024-03-30T11:38:16 IST">
  <testcase classname="api.test.UserTests" name="testPostUser" time="2.546"/>
  <testcase classname="api.test.UserTests" name="testGetUserByName" time="1.134"/>
  <testcase classname="api.test.UserTests" name="testUpdateUserByName" time="2.181"/>
  <testcase classname="api.test.UserTests" name="testDeleteUserByName" time="1.174"/>
</testsuite> <!-- Test -->
