<?xml version="1.0" encoding="UTF-8"?>
<!-- Generated by org.testng.reporters.JUnitXMLReporter -->
<testsuite ignored="0" hostname="ThushDee-DELL" failures="0" tests="4" name="Test" time="8.627" errors="0" timestamp="2024-03-29T18:53:40 IST">
  <testcase classname="api.test.UserTests" name="testPostUser" time="2.603"/>
  <testcase classname="api.test.UserTests" name="testGetUserByName" time="1.359"/>
  <testcase classname="api.test.UserTests" name="testUpdateUserByName" time="2.523"/>
  <testcase classname="api.test.UserTests" name="testDeleteUserByName" time="1.382"/>
</testsuite> <!-- Test -->
